<?xml version="1.0" encoding="UTF-8"?>
<!-- Generated by org.testng.reporters.JUnitReportReporter -->
<testsuite hostname="DESKTOP-4ICHR7B" failures="0" tests="5" name="Runner.TestRunner" time="6.643" errors="0" timestamp="2022-01-03T16:46:16 MEZ" skipped="0">
  <testcase classname="Runner.TestRunner" name="runScenario" time="1.646"/>
  <system-out/>
  <testcase classname="Runner.TestRunner" name="runScenario" time="1.336"/>
  <system-out/>
  <testcase classname="Runner.TestRunner" name="runScenario" time="1.200"/>
  <system-out/>
  <testcase classname="Runner.TestRunner" name="runScenario" time="1.195"/>
  <system-out/>
  <testcase classname="Runner.TestRunner" name="runScenario" time="1.266"/>
  <system-out/>
</testsuite> <!-- Runner.TestRunner -->
