<?xml version="1.0" encoding="UTF-8"?>
<!-- Generated by org.testng.reporters.JUnitReportReporter -->
<testsuite hostname="DESKTOP-4ICHR7B" failures="0" tests="4" name="Runner.TestRunner" time="62.371" errors="0" timestamp="31 Dez. 2021 12:55:08 GMT" skipped="0">
  <testcase classname="Runner.TestRunner" name="runScenario" time="8.294"/>
  <testcase classname="Runner.TestRunner" name="runScenario" time="20.130"/>
  <testcase classname="Runner.TestRunner" name="runScenario" time="16.068"/>
  <testcase classname="Runner.TestRunner" name="runScenario" time="17.879"/>
</testsuite> <!-- Runner.TestRunner -->
